  [4;36;1mSQL (0.3ms)[0m   [0;1m SELECT name
 FROM sqlite_master
 WHERE type = 'table' AND NOT name = 'sqlite_sequence'
[0m
  [4;35;1mSQL (0.2ms)[0m   [0mselect sqlite_version(*)[0m
  [4;36;1mSQL (2.5ms)[0m   [0;1mCREATE TABLE "schema_migrations" ("version" varchar(255) NOT NULL) [0m
  [4;35;1mSQL (2.3ms)[0m   [0mCREATE UNIQUE INDEX "unique_schema_migrations" ON "schema_migrations" ("version")[0m
  [4;36;1mSQL (0.3ms)[0m   [0;1m SELECT name
 FROM sqlite_master
 WHERE type = 'table' AND NOT name = 'sqlite_sequence'
[0m
  [4;35;1mSQL (0.1ms)[0m   [0mSELECT version FROM schema_migrations[0m
Migrating to CreateTaskUsers (20100410185730)
  [4;36;1mSQL (0.6ms)[0m   [0;1mCREATE TABLE "task_users" ("id" INTEGER PRIMARY KEY AUTOINCREMENT NOT NULL, "task_id" integer, "user_id" integer, "created_at" datetime, "updated_at" datetime) [0m
  [4;35;1mSQL (0.1ms)[0m   [0mINSERT INTO schema_migrations (version) VALUES ('20100410185730')[0m
Migrating to CreateTasks (20100410185737)
  [4;36;1mSQL (0.4ms)[0m   [0;1mCREATE TABLE "tasks" ("id" INTEGER PRIMARY KEY AUTOINCREMENT NOT NULL, "name" varchar(255), "description" varchar(255), "value" integer, "created_at" datetime, "updated_at" datetime) [0m
  [4;35;1mSQL (0.1ms)[0m   [0mINSERT INTO schema_migrations (version) VALUES ('20100410185737')[0m
Migrating to CreateAchievementUsers (20100410185742)
  [4;36;1mSQL (0.5ms)[0m   [0;1mCREATE TABLE "achievement_users" ("id" INTEGER PRIMARY KEY AUTOINCREMENT NOT NULL, "achievement_id" integer, "user_id" integer, "created_at" datetime, "updated_at" datetime) [0m
  [4;35;1mSQL (0.1ms)[0m   [0mINSERT INTO schema_migrations (version) VALUES ('20100410185742')[0m
Migrating to CreateAchievements (20100410185747)
  [4;36;1mSQL (0.5ms)[0m   [0;1mCREATE TABLE "achievements" ("id" INTEGER PRIMARY KEY AUTOINCREMENT NOT NULL, "name" varchar(255), "description" varchar(255), "value" integer, "created_at" datetime, "updated_at" datetime) [0m
  [4;35;1mSQL (0.1ms)[0m   [0mINSERT INTO schema_migrations (version) VALUES ('20100410185747')[0m
Migrating to CreatePerkUsers (20100410185752)
  [4;36;1mSQL (0.5ms)[0m   [0;1mCREATE TABLE "perk_users" ("id" INTEGER PRIMARY KEY AUTOINCREMENT NOT NULL, "perk_id" integer, "user_id" integer, "created_at" datetime, "updated_at" datetime) [0m
  [4;35;1mSQL (0.2ms)[0m   [0mINSERT INTO schema_migrations (version) VALUES ('20100410185752')[0m
Migrating to CreatePerks (20100410185757)
  [4;36;1mSQL (0.5ms)[0m   [0;1mCREATE TABLE "perks" ("id" INTEGER PRIMARY KEY AUTOINCREMENT NOT NULL, "name" varchar(255), "description" varchar(255), "cost" integer, "created_at" datetime, "updated_at" datetime) [0m
  [4;35;1mSQL (0.1ms)[0m   [0mINSERT INTO schema_migrations (version) VALUES ('20100410185757')[0m
Migrating to CreateUsers (20100410185938)
  [4;36;1mSQL (0.4ms)[0m   [0;1m SELECT name
 FROM sqlite_master
 WHERE type = 'table' AND NOT name = 'sqlite_sequence'
[0m
  [4;35;1mSQL (0.4ms)[0m   [0mCREATE TABLE "users" ("id" INTEGER PRIMARY KEY AUTOINCREMENT NOT NULL, "login" varchar(40), "name" varchar(100) DEFAULT '', "email" varchar(100), "crypted_password" varchar(40), "salt" varchar(40), "created_at" datetime, "updated_at" datetime, "remember_token" varchar(40), "remember_token_expires_at" datetime) [0m
  [4;36;1mSQL (0.5ms)[0m   [0;1mCREATE UNIQUE INDEX "index_users_on_login" ON "users" ("login")[0m
  [4;35;1mSQL (0.1ms)[0m   [0mINSERT INTO schema_migrations (version) VALUES ('20100410185938')[0m
Migrating to AddUserFields (20100410185943)
  [4;36;1mSQL (0.5ms)[0m   [0;1mALTER TABLE "users" ADD "first_name" varchar(255)[0m
  [4;35;1mSQL (0.2ms)[0m   [0mALTER TABLE "users" ADD "last_name" varchar(255)[0m
  [4;36;1mSQL (0.3ms)[0m   [0;1mALTER TABLE "users" ADD "active" boolean DEFAULT 't'[0m
  [4;35;1mSQL (0.2ms)[0m   [0mALTER TABLE "users" ADD "is_admin" boolean DEFAULT 'f'[0m
  [4;36;1mSQL (0.2ms)[0m   [0;1mALTER TABLE "users" ADD "points" integer[0m
  [4;35;1mSQL (0.2ms)[0m   [0mALTER TABLE "users" ADD "spendables" integer[0m
  [4;36;1mSQL (0.1ms)[0m   [0;1mINSERT INTO schema_migrations (version) VALUES ('20100410185943')[0m
  [4;35;1mSQL (0.4ms)[0m   [0m SELECT name
 FROM sqlite_master
 WHERE type = 'table' AND NOT name = 'sqlite_sequence'
[0m
  [4;36;1mSQL (0.4ms)[0m   [0;1mSELECT version FROM schema_migrations[0m
  [4;35;1mSQL (0.3ms)[0m   [0m SELECT name
 FROM sqlite_master
 WHERE type = 'table' AND NOT name = 'sqlite_sequence'
[0m
  [4;36;1mSQL (0.1ms)[0m   [0;1mPRAGMA index_list("achievement_users")[0m
  [4;35;1mSQL (0.1ms)[0m   [0mPRAGMA index_list("achievements")[0m
  [4;36;1mSQL (0.0ms)[0m   [0;1mPRAGMA index_list("perk_users")[0m
  [4;35;1mSQL (0.0ms)[0m   [0mPRAGMA index_list("perks")[0m
  [4;36;1mSQL (0.0ms)[0m   [0;1mPRAGMA index_list("task_users")[0m
  [4;35;1mSQL (0.0ms)[0m   [0mPRAGMA index_list("tasks")[0m
  [4;36;1mSQL (0.1ms)[0m   [0;1mPRAGMA index_list("users")[0m
  [4;35;1mSQL (0.1ms)[0m   [0mPRAGMA index_info('index_users_on_login')[0m


Processing AchievementsController#index (for 127.0.0.1 at 2010-04-10 15:49:36) [GET]
  [4;36;1mAchievement Load (0.6ms)[0m   [0;1mSELECT * FROM "achievements" [0m
Rendering template within layouts/application
Rendering achievements/index
Completed in 152ms (View: 94, DB: 1) | 200 OK [http://localhost/achievements]


Processing AchievementsController#new (for 127.0.0.1 at 2010-04-10 15:49:38) [GET]
Rendering template within layouts/application
Rendering achievements/new
Rendered achievements/_form (6.7ms)
Completed in 24ms (View: 17, DB: 0) | 200 OK [http://localhost/achievements/new]


Processing TasksController#index (for 127.0.0.1 at 2010-04-10 15:49:58) [GET]
  [4;35;1mTask Load (0.6ms)[0m   [0mSELECT * FROM "tasks" [0m
Rendering template within layouts/application
Rendering tasks/index
Completed in 16ms (View: 9, DB: 1) | 200 OK [http://localhost/tasks]


Processing TaskUsersController#index (for 127.0.0.1 at 2010-04-10 15:50:23) [GET]
  [4;36;1mTaskUser Load (0.5ms)[0m   [0;1mSELECT * FROM "task_users" [0m
Rendering template within layouts/application
Rendering task_users/index
Completed in 17ms (View: 9, DB: 1) | 200 OK [http://localhost/task_users]


Processing TaskUsersController#new (for 127.0.0.1 at 2010-04-10 15:50:25) [GET]
Rendering template within layouts/application
Rendering task_users/new
Rendered task_users/_form (4.9ms)
Completed in 20ms (View: 14, DB: 0) | 200 OK [http://localhost/task_users/new]


Processing PerksController#index (for 127.0.0.1 at 2010-04-10 15:52:25) [GET]
  [4;35;1mPerk Load (0.5ms)[0m   [0mSELECT * FROM "perks" [0m
Rendering template within layouts/application
Rendering perks/index
Completed in 15ms (View: 9, DB: 1) | 200 OK [http://localhost/perks]


Processing PerksController#new (for 127.0.0.1 at 2010-04-10 15:52:27) [GET]
Rendering template within layouts/application
Rendering perks/new
Rendered perks/_form (5.5ms)
Completed in 22ms (View: 16, DB: 0) | 200 OK [http://localhost/perks/new]


Processing PerksController#show (for 127.0.0.1 at 2010-04-10 15:52:32) [GET]
  Parameters: {"id"=>"users"}
  [4;36;1mPerk Load (0.1ms)[0m   [0;1mSELECT * FROM "perks" WHERE ("perks"."id" = 0) [0m

ActiveRecord::RecordNotFound (Couldn't find Perk with ID=users):
  app/controllers/perks_controller.rb:7:in `show'

Rendered rescues/_trace (39.4ms)
Rendered rescues/_request_and_response (1.7ms)
Rendering rescues/layout (not_found)


Processing UsersController#index (for 127.0.0.1 at 2010-04-10 15:52:42) [GET]

ActionController::UnknownAction (No action responded to index. Actions: create and new):
  

Rendering rescues/layout (not_found)
